SnackSquad/app/build/intermediates/manifest_merge_blame_file/release/manifest-merger-blame-release-report.txt
1<?xml version="1.0" encoding="utf-8"?>
2<manifest xmlns:android="http://schemas.android.com/apk/res/android"
3    package="com.example.snackordering"
4    android:versionCode="1"
5    android:versionName="1.0" >
6
7    <uses-sdk
8        android:minSdkVersion="24"
8-->src\main\AndroidManifest.xml
9        android:targetSdkVersion="33" />
9-->src\main\AndroidManifest.xml
10
11    <application
11-->src\main\AndroidManifest.xml:5:5-45:19
12        android:allowBackup="true"
12-->src\main\AndroidManifest.xml:6:9-35
13        android:appComponentFactory="androidx.core.app.CoreComponentFactory"
13-->[androidx.core:core:1.7.0] AndroidManifest.xml:24:18-86
14        android:dataExtractionRules="@xml/data_extraction_rules"
14-->src\main\AndroidManifest.xml:7:9-65
15        android:extractNativeLibs="false"
16        android:fullBackupContent="@xml/backup_rules"
16-->src\main\AndroidManifest.xml:8:9-54
17        android:icon="@drawable/fast_food"
17-->src\main\AndroidManifest.xml:9:9-43
18        android:label="@string/app_name"
18-->src\main\AndroidManifest.xml:10:9-41
19        android:supportsRtl="true"
19-->src\main\AndroidManifest.xml:11:9-35
20        android:theme="@style/Theme.SnackOrdering" >
20-->src\main\AndroidManifest.xml:12:9-51
21        <activity
21-->src\main\AndroidManifest.xml:14:9-18:58
22            android:name="com.example.snackordering.AdminActivity"
22-->src\main\AndroidManifest.xml:15:13-42
23            android:exported="false"
23-->src\main\AndroidManifest.xml:16:13-37
24            android:label="@string/title_activity_admin"
24-->src\main\AndroidManifest.xml:17:13-57
25            android:theme="@style/Theme.SnackOrdering" />
25-->src\main\AndroidManifest.xml:18:13-55
26        <activity
26-->src\main\AndroidManifest.xml:19:9-29:20
27            android:name="com.example.snackordering.LoginActivity"
27-->src\main\AndroidManifest.xml:20:13-42
28            android:exported="true"
28-->src\main\AndroidManifest.xml:21:13-36
29            android:label="SnackSquad"
29-->src\main\AndroidManifest.xml:22:13-39
30            android:theme="@style/Theme.SnackOrdering" >
30-->src\main\AndroidManifest.xml:23:13-55
31            <intent-filter>
31-->src\main\AndroidManifest.xml:24:13-28:29
32                <action android:name="android.intent.action.MAIN" />
32-->src\main\AndroidManifest.xml:25:17-69
32-->src\main\AndroidManifest.xml:25:25-66
33
34                <category android:name="android.intent.category.LAUNCHER" />
34-->src\main\AndroidManifest.xml:27:17-77
34-->src\main\AndroidManifest.xml:27:27-74
35            </intent-filter>
36        </activity>
37        <activity
37-->src\main\AndroidManifest.xml:30:9-34:58
38            android:name="com.example.snackordering.TargetActivity"
38-->src\main\AndroidManifest.xml:31:13-43
39            android:exported="false"
39-->src\main\AndroidManifest.xml:32:13-37
40            android:label="@string/title_activity_target"
40-->src\main\AndroidManifest.xml:33:13-58
41            android:theme="@style/Theme.SnackOrdering" />
41-->src\main\AndroidManifest.xml:34:13-55
42        <activity
42-->src\main\AndroidManifest.xml:35:9-39:58
43            android:name="com.example.snackordering.MainPage"
43-->src\main\AndroidManifest.xml:36:13-37
44            android:exported="false"
44-->src\main\AndroidManifest.xml:37:13-37
45            android:label="@string/title_activity_main_page"
45-->src\main\AndroidManifest.xml:38:13-61
46            android:theme="@style/Theme.SnackOrdering" />
46-->src\main\AndroidManifest.xml:39:13-55
47        <activity
47-->src\main\AndroidManifest.xml:40:9-44:58
48            android:name="com.example.snackordering.MainActivity"
48-->src\main\AndroidManifest.xml:41:13-41
49            android:exported="false"
49-->src\main\AndroidManifest.xml:42:13-37
50            android:label="MainActivity"
50-->src\main\AndroidManifest.xml:43:13-41
51            android:theme="@style/Theme.SnackOrdering" />
51-->src\main\AndroidManifest.xml:44:13-55
52
53        <service
53-->[androidx.room:room-runtime:2.5.0] AndroidManifest.xml:24:9-28:63
54            android:name="androidx.room.MultiInstanceInvalidationService"
54-->[androidx.room:room-runtime:2.5.0] AndroidManifest.xml:25:13-74
55            android:directBootAware="true"
55-->[androidx.room:room-runtime:2.5.0] AndroidManifest.xml:26:13-43
56            android:exported="false" />
56-->[androidx.room:room-runtime:2.5.0] AndroidManifest.xml:27:13-37
57
58        <provider
58-->[androidx.profileinstaller:profileinstaller:1.2.0] AndroidManifest.xml:25:9-33:20
59            android:name="androidx.startup.InitializationProvider"
59-->[androidx.profileinstaller:profileinstaller:1.2.0] AndroidManifest.xml:26:13-67
60            android:authorities="com.example.snackordering.androidx-startup"
60-->[androidx.profileinstaller:profileinstaller:1.2.0] AndroidManifest.xml:27:13-68
61            android:exported="false" >
61-->[androidx.profileinstaller:profileinstaller:1.2.0] AndroidManifest.xml:28:13-37
62            <meta-data
62-->[androidx.profileinstaller:profileinstaller:1.2.0] AndroidManifest.xml:30:13-32:52
63                android:name="androidx.profileinstaller.ProfileInstallerInitializer"
63-->[androidx.profileinstaller:profileinstaller:1.2.0] AndroidManifest.xml:31:17-85
64                android:value="androidx.startup" />
64-->[androidx.profileinstaller:profileinstaller:1.2.0] AndroidManifest.xml:32:17-49
65        </provider>
66
67        <receiver
67-->[androidx.profileinstaller:profileinstaller:1.2.0] AndroidManifest.xml:35:9-47:20
68            android:name="androidx.profileinstaller.ProfileInstallReceiver"
68-->[androidx.profileinstaller:profileinstaller:1.2.0] AndroidManifest.xml:36:13-76
69            android:directBootAware="false"
69-->[androidx.profileinstaller:profileinstaller:1.2.0] AndroidManifest.xml:37:13-44
70            android:enabled="true"
70-->[androidx.profileinstaller:profileinstaller:1.2.0] AndroidManifest.xml:38:13-35
71            android:exported="true"
71-->[androidx.profileinstaller:profileinstaller:1.2.0] AndroidManifest.xml:39:13-36
72            android:permission="android.permission.DUMP" >
72-->[androidx.profileinstaller:profileinstaller:1.2.0] AndroidManifest.xml:40:13-57
73            <intent-filter>
73-->[androidx.profileinstaller:profileinstaller:1.2.0] AndroidManifest.xml:41:13-43:29
74                <action android:name="androidx.profileinstaller.action.INSTALL_PROFILE" />
74-->[androidx.profileinstaller:profileinstaller:1.2.0] AndroidManifest.xml:42:17-91
74-->[androidx.profileinstaller:profileinstaller:1.2.0] AndroidManifest.xml:42:25-88
75            </intent-filter>
76            <intent-filter>
76-->[androidx.profileinstaller:profileinstaller:1.2.0] AndroidManifest.xml:44:13-46:29
77                <action android:name="androidx.profileinstaller.action.SKIP_FILE" />
77-->[androidx.profileinstaller:profileinstaller:1.2.0] AndroidManifest.xml:45:17-85
77-->[androidx.profileinstaller:profileinstaller:1.2.0] AndroidManifest.xml:45:25-82
78            </intent-filter>
79        </receiver>
80    </application>
81
82</manifest>